<?xml version="1.0" encoding="UTF-8"?>
<!-- Generated by org.testng.reporters.JUnitXMLReporter -->
<testsuite ignored="0" hostname="BHADAURIYA" failures="0" tests="3" name="Test" time="40.37" errors="0" timestamp="2025-10-08T01:04:17 IST">
  <testcase classname="TestCases.LoginTests" name="verifyLoginFunctionality" time="2.216"/>
  <testcase classname="TestCases.DashboardTests" name="verifyDashboardPageAfterLogin" time="1.524"/>
  <testcase classname="TestCases.SideMenuTests" name="testSideMenu" time="16.911"/>
</testsuite> <!-- Test -->
