<?xml version="1.0" encoding="UTF-8"?>
<!-- Generated by org.testng.reporters.JUnitXMLReporter -->
<testsuite ignored="0" hostname="BHADAURIYA" failures="0" tests="3" name="Test" time="97.436" errors="0" timestamp="2025-10-13T22:07:02 IST">
  <testcase classname="TestCases.LoginTests" name="verifyLoginFunctionality" time="3.757"/>
  <testcase classname="TestCases.DashboardTests" name="verifyDashboardPageAfterLogin" time="2.215"/>
  <testcase classname="TestCases.SideMenuTests" name="testSideMenu" time="45.757"/>
</testsuite> <!-- Test -->
