<?xml version="1.0" encoding="UTF-8"?>
<!-- Generated by org.testng.reporters.JUnitXMLReporter -->
<testsuite ignored="0" hostname="BHADAURIYA" failures="0" tests="3" name="Test" time="41.485" errors="0" timestamp="2025-10-08T01:14:22 IST">
  <testcase classname="TestCases.LoginTests" name="verifyLoginFunctionality" time="2.277"/>
  <testcase classname="TestCases.DashboardTests" name="verifyDashboardPageAfterLogin" time="1.623"/>
  <testcase classname="TestCases.SideMenuTests" name="testSideMenu" time="16.795"/>
</testsuite> <!-- Test -->
