<?xml version="1.0" encoding="UTF-8"?>
<testng-results ignored="0" total="3" passed="3" failed="0" skipped="0">
  <reporter-output>
  </reporter-output>
  <suite started-at="2025-10-08T01:13:41 IST" name="Suite" finished-at="2025-10-08T01:14:22 IST" duration-ms="41485">
    <groups>
    </groups>
    <test started-at="2025-10-08T01:13:41 IST" name="Test" finished-at="2025-10-08T01:14:22 IST" duration-ms="41485">
      <class name="TestCases.DashboardTests">
        <test-method is-config="true" signature="setup(java.lang.String)[pri:0, instance:TestCases.DashboardTests@33d512c1]" started-at="2025-10-08T01:13:49 IST" name="setup" finished-at="2025-10-08T01:13:53 IST" duration-ms="4455" status="PASS">
          <params>
            <param index="0">
              <value>
                <![CDATA[chrome]]>
              </value>
            </param>
          </params>
          <reporter-output>
          </reporter-output>
        </test-method> <!-- setup -->
        <test-method is-config="true" signature="setUp()[pri:0, instance:TestCases.DashboardTests@33d512c1]" started-at="2025-10-08T01:13:53 IST" name="setUp" finished-at="2025-10-08T01:13:59 IST" duration-ms="5343" status="PASS">
          <reporter-output>
          </reporter-output>
        </test-method> <!-- setUp -->
        <test-method signature="verifyDashboardPageAfterLogin()[pri:0, instance:TestCases.DashboardTests@33d512c1]" started-at="2025-10-08T01:13:59 IST" name="verifyDashboardPageAfterLogin" finished-at="2025-10-08T01:14:00 IST" duration-ms="1623" status="PASS">
          <reporter-output>
          </reporter-output>
        </test-method> <!-- verifyDashboardPageAfterLogin -->
        <test-method is-config="true" signature="teardowntest()[pri:0, instance:TestCases.DashboardTests@33d512c1]" started-at="2025-10-08T01:14:00 IST" name="teardowntest" finished-at="2025-10-08T01:14:01 IST" duration-ms="242" status="PASS">
          <reporter-output>
          </reporter-output>
        </test-method> <!-- teardowntest -->
        <test-method is-config="true" signature="tearDown()[pri:0, instance:TestCases.DashboardTests@33d512c1]" started-at="2025-10-08T01:14:01 IST" name="tearDown" finished-at="2025-10-08T01:14:01 IST" duration-ms="0" status="PASS">
          <reporter-output>
          </reporter-output>
        </test-method> <!-- tearDown -->
      </class> <!-- TestCases.DashboardTests -->
      <class name="TestCases.LoginTests">
        <test-method is-config="true" signature="setup(java.lang.String)[pri:0, instance:TestCases.LoginTests@2a4fb17b]" started-at="2025-10-08T01:13:41 IST" name="setup" finished-at="2025-10-08T01:13:47 IST" duration-ms="5899" status="PASS">
          <params>
            <param index="0">
              <value>
                <![CDATA[chrome]]>
              </value>
            </param>
          </params>
          <reporter-output>
          </reporter-output>
        </test-method> <!-- setup -->
        <test-method signature="verifyLoginFunctionality()[pri:0, instance:TestCases.LoginTests@2a4fb17b]" started-at="2025-10-08T01:13:47 IST" name="verifyLoginFunctionality" finished-at="2025-10-08T01:13:49 IST" duration-ms="2277" status="PASS">
          <reporter-output>
          </reporter-output>
        </test-method> <!-- verifyLoginFunctionality -->
        <test-method is-config="true" signature="tearDown()[pri:0, instance:TestCases.LoginTests@2a4fb17b]" started-at="2025-10-08T01:13:49 IST" name="tearDown" finished-at="2025-10-08T01:13:49 IST" duration-ms="218" status="PASS">
          <reporter-output>
          </reporter-output>
        </test-method> <!-- tearDown -->
      </class> <!-- TestCases.LoginTests -->
      <class name="TestCases.SideMenuTests">
        <test-method is-config="true" signature="setup(java.lang.String)[pri:0, instance:TestCases.SideMenuTests@639c2c1d]" started-at="2025-10-08T01:14:01 IST" name="setup" finished-at="2025-10-08T01:14:05 IST" duration-ms="4487" status="PASS">
          <params>
            <param index="0">
              <value>
                <![CDATA[chrome]]>
              </value>
            </param>
          </params>
          <reporter-output>
          </reporter-output>
        </test-method> <!-- setup -->
        <test-method signature="testSideMenu()[pri:0, instance:TestCases.SideMenuTests@639c2c1d]" started-at="2025-10-08T01:14:05 IST" name="testSideMenu" finished-at="2025-10-08T01:14:22 IST" duration-ms="16795" status="PASS">
          <reporter-output>
          </reporter-output>
        </test-method> <!-- testSideMenu -->
        <test-method is-config="true" signature="tearDown()[pri:0, instance:TestCases.SideMenuTests@639c2c1d]" started-at="2025-10-08T01:14:22 IST" name="tearDown" finished-at="2025-10-08T01:14:22 IST" duration-ms="107" status="PASS">
          <reporter-output>
          </reporter-output>
        </test-method> <!-- tearDown -->
      </class> <!-- TestCases.SideMenuTests -->
    </test> <!-- Test -->
  </suite> <!-- Suite -->
</testng-results>
