<?xml version="1.0" encoding="UTF-8"?>
<testng-results ignored="0" total="1" passed="1" failed="0" skipped="0">
  <reporter-output>
  </reporter-output>
  <suite started-at="2025-10-08T01:17:01 IST" name="Default suite" finished-at="2025-10-08T01:17:14 IST" duration-ms="12388">
    <groups>
    </groups>
    <test started-at="2025-10-08T01:17:01 IST" name="Default test" finished-at="2025-10-08T01:17:14 IST" duration-ms="12388">
      <class name="TestCases.DashboardTests">
        <test-method is-config="true" signature="setup(java.lang.String)[pri:0, instance:TestCases.DashboardTests@bccb269]" started-at="2025-10-08T01:17:01 IST" name="setup" finished-at="2025-10-08T01:17:07 IST" duration-ms="5594" status="PASS">
          <params>
            <param index="0">
              <value>
                <![CDATA[chrome]]>
              </value>
            </param>
          </params>
          <reporter-output>
          </reporter-output>
        </test-method> <!-- setup -->
        <test-method is-config="true" signature="setUp()[pri:0, instance:TestCases.DashboardTests@bccb269]" started-at="2025-10-08T01:17:07 IST" name="setUp" finished-at="2025-10-08T01:17:12 IST" duration-ms="4857" status="PASS">
          <reporter-output>
          </reporter-output>
        </test-method> <!-- setUp -->
        <test-method signature="verifyDashboardPageAfterLogin()[pri:0, instance:TestCases.DashboardTests@bccb269]" started-at="2025-10-08T01:17:12 IST" name="verifyDashboardPageAfterLogin" finished-at="2025-10-08T01:17:14 IST" duration-ms="1680" status="PASS">
          <reporter-output>
          </reporter-output>
        </test-method> <!-- verifyDashboardPageAfterLogin -->
        <test-method is-config="true" signature="tearDown()[pri:0, instance:TestCases.DashboardTests@bccb269]" started-at="2025-10-08T01:17:14 IST" name="tearDown" finished-at="2025-10-08T01:17:14 IST" duration-ms="214" status="PASS">
          <reporter-output>
          </reporter-output>
        </test-method> <!-- tearDown -->
      </class> <!-- TestCases.DashboardTests -->
    </test> <!-- Default test -->
  </suite> <!-- Default suite -->
</testng-results>
